{"timestamp":"2025-06-01T15:28:00.409563","level":"info","event":"DAG bundles loaded: dags-folder","logger":"airflow.dag_processing.bundles.manager.DagBundlesManager"}
{"timestamp":"2025-06-01T15:28:00.409958","level":"info","event":"Filling up the DagBag from /home/fastnnefarious/Projects/PycharmProjects/nasa_neo_pipeline/airflow/dags/daily_nasa_neo_etl_pipeline2.py","logger":"airflow.models.dagbag.DagBag"}
{"timestamp":"2025-06-01T15:28:00.838502","level":"info","event":"Input Notebook:  /home/fastnnefarious/Projects/PycharmProjects/nasa_neo_pipeline/notebooks/NeoApiClient.ipynb","logger":"papermill"}
{"timestamp":"2025-06-01T15:28:00.838608","level":"info","event":"Output Notebook: /home/fastnnefarious/Projects/PycharmProjects/nasa_neo_pipeline/notebooks/tmp/gold/2025-06-01T15:27:54.624000+00:00/NeoApiClient.ipynb","logger":"papermill"}
{"timestamp":"2025-06-01T15:28:01.783450","level":"info","event":"Executing notebook with kernel: nasa_spark_kernel","logger":"papermill"}
{"timestamp":"2025-06-01T15:28:03.299086Z","level":"error","event":"\rExecuting:   0%|          | 0/9 [00:00<?, ?cell/s]\rExecuting:  11%|█         | 1/9 [00:00<00:06,  1.14cell/s]\rExecuting:  33%|███▎      | 3/9 [00:01<00:01,  3.12cell/s]25/06/01 10:28:03 WARN Utils: Your hostname, newlife resolves to a loopback address: 127.0.1.1; using 192.168.0.196 instead (on interface wlp0s20f3)","chan":"stderr","logger":"task"}
{"timestamp":"2025-06-01T15:28:03.300226Z","level":"error","event":"25/06/01 10:28:03 WARN Utils: Set SPARK_LOCAL_IP if you need to bind to another address","chan":"stderr","logger":"task"}
{"timestamp":"2025-06-01T15:28:03.423492Z","level":"info","event":":: loading settings :: url = jar:file:/home/fastnnefarious/Projects/PycharmProjects/nasa_neo_pipeline/.venv/lib/python3.12/site-packages/pyspark/jars/ivy-2.5.1.jar!/org/apache/ivy/core/settings/ivysettings.xml","chan":"stdout","logger":"task"}
{"timestamp":"2025-06-01T15:28:03.474586Z","level":"error","event":"Ivy Default Cache set to: /home/fastnnefarious/.ivy2/cache","chan":"stderr","logger":"task"}
{"timestamp":"2025-06-01T15:28:03.474734Z","level":"error","event":"The jars for the packages stored in: /home/fastnnefarious/.ivy2/jars","chan":"stderr","logger":"task"}
{"timestamp":"2025-06-01T15:28:03.477564Z","level":"error","event":"org.apache.iceberg#iceberg-spark-runtime-3.5_2.12 added as a dependency","chan":"stderr","logger":"task"}
{"timestamp":"2025-06-01T15:28:03.477726Z","level":"error","event":"org.apache.hadoop#hadoop-aws added as a dependency","chan":"stderr","logger":"task"}
{"timestamp":"2025-06-01T15:28:03.477787Z","level":"error","event":"org.apache.hadoop#hadoop-common added as a dependency","chan":"stderr","logger":"task"}
{"timestamp":"2025-06-01T15:28:03.477830Z","level":"error","event":"com.amazonaws#aws-java-sdk-bundle added as a dependency","chan":"stderr","logger":"task"}
{"timestamp":"2025-06-01T15:28:03.478339Z","level":"error","event":":: resolving dependencies :: org.apache.spark#spark-submit-parent-d75d13ce-1330-4de3-b67c-60994f599ec1;1.0","chan":"stderr","logger":"task"}
{"timestamp":"2025-06-01T15:28:03.478425Z","level":"error","event":"\tconfs: [default]","chan":"stderr","logger":"task"}
{"timestamp":"2025-06-01T15:28:03.558848Z","level":"error","event":"\tfound org.apache.iceberg#iceberg-spark-runtime-3.5_2.12;1.4.3 in central","chan":"stderr","logger":"task"}
{"timestamp":"2025-06-01T15:28:03.594381Z","level":"error","event":"\tfound org.apache.hadoop#hadoop-aws;3.3.4 in central","chan":"stderr","logger":"task"}
{"timestamp":"2025-06-01T15:28:03.611306Z","level":"error","event":"\tfound org.wildfly.openssl#wildfly-openssl;1.0.7.Final in central","chan":"stderr","logger":"task"}
{"timestamp":"2025-06-01T15:28:03.646806Z","level":"error","event":"\tfound org.apache.hadoop#hadoop-common;3.3.4 in central","chan":"stderr","logger":"task"}
{"timestamp":"2025-06-01T15:28:03.671858Z","level":"error","event":"\tfound org.apache.hadoop.thirdparty#hadoop-shaded-protobuf_3_7;1.1.1 in central","chan":"stderr","logger":"task"}
{"timestamp":"2025-06-01T15:28:03.690709Z","level":"error","event":"\tfound org.apache.hadoop#hadoop-annotations;3.3.4 in central","chan":"stderr","logger":"task"}
{"timestamp":"2025-06-01T15:28:03.708404Z","level":"error","event":"\tfound org.apache.hadoop.thirdparty#hadoop-shaded-guava;1.1.1 in central","chan":"stderr","logger":"task"}
{"timestamp":"2025-06-01T15:28:03.726139Z","level":"error","event":"\tfound com.google.guava#guava;27.0-jre in central","chan":"stderr","logger":"task"}
{"timestamp":"2025-06-01T15:28:03.739734Z","level":"error","event":"\tfound com.google.guava#failureaccess;1.0 in central","chan":"stderr","logger":"task"}
{"timestamp":"2025-06-01T15:28:03.751954Z","level":"error","event":"\tfound com.google.guava#listenablefuture;9999.0-empty-to-avoid-conflict-with-guava in central","chan":"stderr","logger":"task"}
{"timestamp":"2025-06-01T15:28:03.763790Z","level":"error","event":"\tfound com.google.code.findbugs#jsr305;3.0.2 in central","chan":"stderr","logger":"task"}
{"timestamp":"2025-06-01T15:28:03.782888Z","level":"error","event":"\tfound org.checkerframework#checker-qual;2.5.2 in central","chan":"stderr","logger":"task"}
{"timestamp":"2025-06-01T15:28:03.792127Z","level":"error","event":"\tfound com.google.j2objc#j2objc-annotations;1.1 in central","chan":"stderr","logger":"task"}
{"timestamp":"2025-06-01T15:28:03.801524Z","level":"error","event":"\tfound org.codehaus.mojo#animal-sniffer-annotations;1.17 in central","chan":"stderr","logger":"task"}
{"timestamp":"2025-06-01T15:28:03.813157Z","level":"error","event":"\tfound commons-cli#commons-cli;1.2 in central","chan":"stderr","logger":"task"}
{"timestamp":"2025-06-01T15:28:03.821671Z","level":"error","event":"\tfound org.apache.commons#commons-math3;3.1.1 in central","chan":"stderr","logger":"task"}
{"timestamp":"2025-06-01T15:28:03.832383Z","level":"error","event":"\tfound org.apache.httpcomponents#httpclient;4.5.13 in central","chan":"stderr","logger":"task"}
{"timestamp":"2025-06-01T15:28:03.843626Z","level":"error","event":"\tfound org.apache.httpcomponents#httpcore;4.4.13 in central","chan":"stderr","logger":"task"}
{"timestamp":"2025-06-01T15:28:03.851968Z","level":"error","event":"\tfound commons-logging#commons-logging;1.1.3 in central","chan":"stderr","logger":"task"}
{"timestamp":"2025-06-01T15:28:03.860537Z","level":"error","event":"\tfound commons-codec#commons-codec;1.15 in central","chan":"stderr","logger":"task"}
{"timestamp":"2025-06-01T15:28:03.874922Z","level":"error","event":"\tfound commons-io#commons-io;2.8.0 in central","chan":"stderr","logger":"task"}
{"timestamp":"2025-06-01T15:28:03.883928Z","level":"error","event":"\tfound commons-net#commons-net;3.6 in central","chan":"stderr","logger":"task"}
{"timestamp":"2025-06-01T15:28:03.891652Z","level":"error","event":"\tfound commons-collections#commons-collections;3.2.2 in central","chan":"stderr","logger":"task"}
{"timestamp":"2025-06-01T15:28:03.899493Z","level":"error","event":"\tfound javax.servlet#javax.servlet-api;3.1.0 in central","chan":"stderr","logger":"task"}
{"timestamp":"2025-06-01T15:28:03.908476Z","level":"error","event":"\tfound org.eclipse.jetty#jetty-server;9.4.43.v20210629 in central","chan":"stderr","logger":"task"}
{"timestamp":"2025-06-01T15:28:03.917022Z","level":"error","event":"\tfound org.eclipse.jetty#jetty-http;9.4.43.v20210629 in central","chan":"stderr","logger":"task"}
{"timestamp":"2025-06-01T15:28:03.925362Z","level":"error","event":"\tfound org.eclipse.jetty#jetty-util;9.4.43.v20210629 in central","chan":"stderr","logger":"task"}
{"timestamp":"2025-06-01T15:28:03.933875Z","level":"error","event":"\tfound org.eclipse.jetty#jetty-io;9.4.43.v20210629 in central","chan":"stderr","logger":"task"}
{"timestamp":"2025-06-01T15:28:03.948034Z","level":"error","event":"\tfound org.eclipse.jetty#jetty-servlet;9.4.43.v20210629 in central","chan":"stderr","logger":"task"}
{"timestamp":"2025-06-01T15:28:03.958680Z","level":"error","event":"\tfound org.eclipse.jetty#jetty-security;9.4.43.v20210629 in central","chan":"stderr","logger":"task"}
{"timestamp":"2025-06-01T15:28:03.969059Z","level":"error","event":"\tfound org.eclipse.jetty#jetty-util-ajax;9.4.43.v20210629 in central","chan":"stderr","logger":"task"}
{"timestamp":"2025-06-01T15:28:03.980301Z","level":"error","event":"\tfound org.eclipse.jetty#jetty-webapp;9.4.43.v20210629 in central","chan":"stderr","logger":"task"}
{"timestamp":"2025-06-01T15:28:03.988140Z","level":"error","event":"\tfound org.eclipse.jetty#jetty-xml;9.4.43.v20210629 in central","chan":"stderr","logger":"task"}
{"timestamp":"2025-06-01T15:28:03.997613Z","level":"error","event":"\tfound com.sun.jersey#jersey-core;1.19 in central","chan":"stderr","logger":"task"}
{"timestamp":"2025-06-01T15:28:04.005698Z","level":"error","event":"\tfound javax.ws.rs#jsr311-api;1.1.1 in central","chan":"stderr","logger":"task"}
{"timestamp":"2025-06-01T15:28:04.012353Z","level":"error","event":"\tfound com.sun.jersey#jersey-servlet;1.19 in central","chan":"stderr","logger":"task"}
{"timestamp":"2025-06-01T15:28:04.020156Z","level":"error","event":"\tfound com.sun.jersey#jersey-server;1.19 in central","chan":"stderr","logger":"task"}
{"timestamp":"2025-06-01T15:28:04.029032Z","level":"error","event":"\tfound com.sun.jersey#jersey-json;1.19 in central","chan":"stderr","logger":"task"}
{"timestamp":"2025-06-01T15:28:04.046920Z","level":"error","event":"\tfound org.codehaus.jettison#jettison;1.1 in central","chan":"stderr","logger":"task"}
{"timestamp":"2025-06-01T15:28:04.059424Z","level":"error","event":"\tfound com.sun.xml.bind#jaxb-impl;2.2.3-1 in central","chan":"stderr","logger":"task"}
{"timestamp":"2025-06-01T15:28:04.071411Z","level":"error","event":"\tfound javax.xml.bind#jaxb-api;2.2.11 in central","chan":"stderr","logger":"task"}
{"timestamp":"2025-06-01T15:28:04.085252Z","level":"error","event":"\tfound org.codehaus.jackson#jackson-core-asl;1.9.13 in central","chan":"stderr","logger":"task"}
{"timestamp":"2025-06-01T15:28:04.095215Z","level":"error","event":"\tfound org.codehaus.jackson#jackson-mapper-asl;1.9.13 in central","chan":"stderr","logger":"task"}
{"timestamp":"2025-06-01T15:28:04.109369Z","level":"error","event":"\tfound org.codehaus.jackson#jackson-jaxrs;1.9.13 in central","chan":"stderr","logger":"task"}
{"timestamp":"2025-06-01T15:28:04.121886Z","level":"error","event":"\tfound org.codehaus.jackson#jackson-xc;1.9.13 in central","chan":"stderr","logger":"task"}
{"timestamp":"2025-06-01T15:28:04.133454Z","level":"error","event":"\tfound ch.qos.reload4j#reload4j;1.2.22 in central","chan":"stderr","logger":"task"}
{"timestamp":"2025-06-01T15:28:04.141580Z","level":"error","event":"\tfound commons-beanutils#commons-beanutils;1.9.4 in central","chan":"stderr","logger":"task"}
{"timestamp":"2025-06-01T15:28:04.149419Z","level":"error","event":"\tfound org.apache.commons#commons-configuration2;2.1.1 in central","chan":"stderr","logger":"task"}
{"timestamp":"2025-06-01T15:28:04.156602Z","level":"error","event":"\tfound org.apache.commons#commons-lang3;3.12.0 in central","chan":"stderr","logger":"task"}
{"timestamp":"2025-06-01T15:28:04.163769Z","level":"error","event":"\tfound org.apache.commons#commons-text;1.4 in central","chan":"stderr","logger":"task"}
{"timestamp":"2025-06-01T15:28:04.171890Z","level":"error","event":"\tfound org.slf4j#slf4j-api;1.7.36 in central","chan":"stderr","logger":"task"}
{"timestamp":"2025-06-01T15:28:04.181521Z","level":"error","event":"\tfound org.slf4j#slf4j-reload4j;1.7.36 in central","chan":"stderr","logger":"task"}
{"timestamp":"2025-06-01T15:28:04.188570Z","level":"error","event":"\tfound org.apache.avro#avro;1.7.7 in central","chan":"stderr","logger":"task"}
{"timestamp":"2025-06-01T15:28:04.195509Z","level":"error","event":"\tfound com.thoughtworks.paranamer#paranamer;2.3 in central","chan":"stderr","logger":"task"}
{"timestamp":"2025-06-01T15:28:04.202745Z","level":"error","event":"\tfound org.xerial.snappy#snappy-java;1.1.8.2 in central","chan":"stderr","logger":"task"}
{"timestamp":"2025-06-01T15:28:04.210059Z","level":"error","event":"\tfound org.apache.commons#commons-compress;1.21 in central","chan":"stderr","logger":"task"}
{"timestamp":"2025-06-01T15:28:04.217585Z","level":"error","event":"\tfound com.google.re2j#re2j;1.1 in central","chan":"stderr","logger":"task"}
{"timestamp":"2025-06-01T15:28:04.225761Z","level":"error","event":"\tfound com.google.protobuf#protobuf-java;2.5.0 in central","chan":"stderr","logger":"task"}
{"timestamp":"2025-06-01T15:28:04.233603Z","level":"error","event":"\tfound com.google.code.gson#gson;2.8.9 in central","chan":"stderr","logger":"task"}
{"timestamp":"2025-06-01T15:28:04.245158Z","level":"error","event":"\tfound org.apache.hadoop#hadoop-auth;3.3.4 in central","chan":"stderr","logger":"task"}
{"timestamp":"2025-06-01T15:28:04.258548Z","level":"error","event":"\tfound com.nimbusds#nimbus-jose-jwt;9.8.1 in central","chan":"stderr","logger":"task"}
{"timestamp":"2025-06-01T15:28:04.268257Z","level":"error","event":"\tfound com.github.stephenc.jcip#jcip-annotations;1.0-1 in central","chan":"stderr","logger":"task"}
{"timestamp":"2025-06-01T15:28:04.277532Z","level":"error","event":"\tfound net.minidev#json-smart;2.4.7 in central","chan":"stderr","logger":"task"}
{"timestamp":"2025-06-01T15:28:04.286736Z","level":"error","event":"\tfound net.minidev#accessors-smart;2.4.7 in central","chan":"stderr","logger":"task"}
{"timestamp":"2025-06-01T15:28:04.296514Z","level":"error","event":"\tfound org.ow2.asm#asm;5.0.4 in central","chan":"stderr","logger":"task"}
{"timestamp":"2025-06-01T15:28:04.305575Z","level":"error","event":"\tfound org.apache.zookeeper#zookeeper;3.5.6 in central","chan":"stderr","logger":"task"}
{"timestamp":"2025-06-01T15:28:04.318640Z","level":"error","event":"\tfound org.apache.zookeeper#zookeeper-jute;3.5.6 in central","chan":"stderr","logger":"task"}
{"timestamp":"2025-06-01T15:28:04.325526Z","level":"error","event":"\tfound org.apache.yetus#audience-annotations;0.5.0 in central","chan":"stderr","logger":"task"}
{"timestamp":"2025-06-01T15:28:04.336012Z","level":"error","event":"\tfound org.apache.curator#curator-framework;4.2.0 in central","chan":"stderr","logger":"task"}
{"timestamp":"2025-06-01T15:28:04.346132Z","level":"error","event":"\tfound org.apache.curator#curator-client;4.2.0 in central","chan":"stderr","logger":"task"}
{"timestamp":"2025-06-01T15:28:04.354334Z","level":"error","event":"\tfound org.apache.kerby#kerb-simplekdc;1.0.1 in central","chan":"stderr","logger":"task"}
{"timestamp":"2025-06-01T15:28:04.364361Z","level":"error","event":"\tfound org.apache.kerby#kerb-client;1.0.1 in central","chan":"stderr","logger":"task"}
{"timestamp":"2025-06-01T15:28:04.375541Z","level":"error","event":"\tfound org.apache.kerby#kerby-config;1.0.1 in central","chan":"stderr","logger":"task"}
{"timestamp":"2025-06-01T15:28:04.383898Z","level":"error","event":"\tfound org.apache.kerby#kerb-core;1.0.1 in central","chan":"stderr","logger":"task"}
{"timestamp":"2025-06-01T15:28:04.390250Z","level":"error","event":"\tfound org.apache.kerby#kerby-pkix;1.0.1 in central","chan":"stderr","logger":"task"}
{"timestamp":"2025-06-01T15:28:04.397701Z","level":"error","event":"\tfound org.apache.kerby#kerby-asn1;1.0.1 in central","chan":"stderr","logger":"task"}
{"timestamp":"2025-06-01T15:28:04.407490Z","level":"error","event":"\tfound org.apache.kerby#kerby-util;1.0.1 in central","chan":"stderr","logger":"task"}
{"timestamp":"2025-06-01T15:28:04.418285Z","level":"error","event":"\tfound org.apache.kerby#kerb-common;1.0.1 in central","chan":"stderr","logger":"task"}
{"timestamp":"2025-06-01T15:28:04.428260Z","level":"error","event":"\tfound org.apache.kerby#kerb-crypto;1.0.1 in central","chan":"stderr","logger":"task"}
{"timestamp":"2025-06-01T15:28:04.445951Z","level":"error","event":"\tfound org.apache.kerby#kerb-util;1.0.1 in central","chan":"stderr","logger":"task"}
{"timestamp":"2025-06-01T15:28:04.456956Z","level":"error","event":"\tfound org.apache.kerby#token-provider;1.0.1 in central","chan":"stderr","logger":"task"}
{"timestamp":"2025-06-01T15:28:04.466983Z","level":"error","event":"\tfound org.apache.kerby#kerb-admin;1.0.1 in central","chan":"stderr","logger":"task"}
{"timestamp":"2025-06-01T15:28:04.475286Z","level":"error","event":"\tfound org.apache.kerby#kerb-server;1.0.1 in central","chan":"stderr","logger":"task"}
{"timestamp":"2025-06-01T15:28:04.485041Z","level":"error","event":"\tfound org.apache.kerby#kerb-identity;1.0.1 in central","chan":"stderr","logger":"task"}
{"timestamp":"2025-06-01T15:28:04.492877Z","level":"error","event":"\tfound org.apache.kerby#kerby-xdr;1.0.1 in central","chan":"stderr","logger":"task"}
{"timestamp":"2025-06-01T15:28:04.507174Z","level":"error","event":"\tfound com.jcraft#jsch;0.1.55 in central","chan":"stderr","logger":"task"}
{"timestamp":"2025-06-01T15:28:04.515100Z","level":"error","event":"\tfound org.apache.curator#curator-recipes;4.2.0 in central","chan":"stderr","logger":"task"}
{"timestamp":"2025-06-01T15:28:04.523159Z","level":"error","event":"\tfound com.fasterxml.jackson.core#jackson-databind;2.12.7 in central","chan":"stderr","logger":"task"}
{"timestamp":"2025-06-01T15:28:04.529385Z","level":"error","event":"\tfound com.fasterxml.jackson.core#jackson-annotations;2.12.7 in central","chan":"stderr","logger":"task"}
{"timestamp":"2025-06-01T15:28:04.536127Z","level":"error","event":"\tfound com.fasterxml.jackson.core#jackson-core;2.12.7 in central","chan":"stderr","logger":"task"}
{"timestamp":"2025-06-01T15:28:04.542939Z","level":"error","event":"\tfound org.codehaus.woodstox#stax2-api;4.2.1 in central","chan":"stderr","logger":"task"}
{"timestamp":"2025-06-01T15:28:04.549509Z","level":"error","event":"\tfound com.fasterxml.woodstox#woodstox-core;5.3.0 in central","chan":"stderr","logger":"task"}
{"timestamp":"2025-06-01T15:28:04.563272Z","level":"error","event":"\tfound dnsjava#dnsjava;2.1.7 in central","chan":"stderr","logger":"task"}
{"timestamp":"2025-06-01T15:28:04.576539Z","level":"error","event":"\tfound jakarta.activation#jakarta.activation-api;1.2.1 in central","chan":"stderr","logger":"task"}
{"timestamp":"2025-06-01T15:28:04.587610Z","level":"error","event":"\tfound javax.servlet.jsp#jsp-api;2.1 in central","chan":"stderr","logger":"task"}
{"timestamp":"2025-06-01T15:28:04.597266Z","level":"error","event":"\tfound com.amazonaws#aws-java-sdk-bundle;1.12.367 in central","chan":"stderr","logger":"task"}
{"timestamp":"2025-06-01T15:28:04.665113Z","level":"error","event":":: resolution report :: resolve 1137ms :: artifacts dl 49ms","chan":"stderr","logger":"task"}
{"timestamp":"2025-06-01T15:28:04.665250Z","level":"error","event":"\t:: modules in use:","chan":"stderr","logger":"task"}
{"timestamp":"2025-06-01T15:28:04.665436Z","level":"error","event":"\tch.qos.reload4j#reload4j;1.2.22 from central in [default]","chan":"stderr","logger":"task"}
{"timestamp":"2025-06-01T15:28:04.665505Z","level":"error","event":"\tcom.amazonaws#aws-java-sdk-bundle;1.12.367 from central in [default]","chan":"stderr","logger":"task"}
{"timestamp":"2025-06-01T15:28:04.665585Z","level":"error","event":"\tcom.fasterxml.jackson.core#jackson-annotations;2.12.7 from central in [default]","chan":"stderr","logger":"task"}
{"timestamp":"2025-06-01T15:28:04.665633Z","level":"error","event":"\tcom.fasterxml.jackson.core#jackson-core;2.12.7 from central in [default]","chan":"stderr","logger":"task"}
{"timestamp":"2025-06-01T15:28:04.665676Z","level":"error","event":"\tcom.fasterxml.jackson.core#jackson-databind;2.12.7 from central in [default]","chan":"stderr","logger":"task"}
{"timestamp":"2025-06-01T15:28:04.665725Z","level":"error","event":"\tcom.fasterxml.woodstox#woodstox-core;5.3.0 from central in [default]","chan":"stderr","logger":"task"}
{"timestamp":"2025-06-01T15:28:04.665804Z","level":"error","event":"\tcom.github.stephenc.jcip#jcip-annotations;1.0-1 from central in [default]","chan":"stderr","logger":"task"}
{"timestamp":"2025-06-01T15:28:04.665850Z","level":"error","event":"\tcom.google.code.findbugs#jsr305;3.0.2 from central in [default]","chan":"stderr","logger":"task"}
{"timestamp":"2025-06-01T15:28:04.665890Z","level":"error","event":"\tcom.google.code.gson#gson;2.8.9 from central in [default]","chan":"stderr","logger":"task"}
{"timestamp":"2025-06-01T15:28:04.665930Z","level":"error","event":"\tcom.google.guava#failureaccess;1.0 from central in [default]","chan":"stderr","logger":"task"}
{"timestamp":"2025-06-01T15:28:04.665978Z","level":"error","event":"\tcom.google.guava#guava;27.0-jre from central in [default]","chan":"stderr","logger":"task"}
{"timestamp":"2025-06-01T15:28:04.666019Z","level":"error","event":"\tcom.google.guava#listenablefuture;9999.0-empty-to-avoid-conflict-with-guava from central in [default]","chan":"stderr","logger":"task"}
{"timestamp":"2025-06-01T15:28:04.666082Z","level":"error","event":"\tcom.google.j2objc#j2objc-annotations;1.1 from central in [default]","chan":"stderr","logger":"task"}
{"timestamp":"2025-06-01T15:28:04.666130Z","level":"error","event":"\tcom.google.protobuf#protobuf-java;2.5.0 from central in [default]","chan":"stderr","logger":"task"}
{"timestamp":"2025-06-01T15:28:04.666170Z","level":"error","event":"\tcom.google.re2j#re2j;1.1 from central in [default]","chan":"stderr","logger":"task"}
{"timestamp":"2025-06-01T15:28:04.666210Z","level":"error","event":"\tcom.jcraft#jsch;0.1.55 from central in [default]","chan":"stderr","logger":"task"}
{"timestamp":"2025-06-01T15:28:04.666248Z","level":"error","event":"\tcom.nimbusds#nimbus-jose-jwt;9.8.1 from central in [default]","chan":"stderr","logger":"task"}
{"timestamp":"2025-06-01T15:28:04.666287Z","level":"error","event":"\tcom.sun.jersey#jersey-core;1.19 from central in [default]","chan":"stderr","logger":"task"}
{"timestamp":"2025-06-01T15:28:04.666326Z","level":"error","event":"\tcom.sun.jersey#jersey-json;1.19 from central in [default]","chan":"stderr","logger":"task"}
{"timestamp":"2025-06-01T15:28:04.666364Z","level":"error","event":"\tcom.sun.jersey#jersey-server;1.19 from central in [default]","chan":"stderr","logger":"task"}
{"timestamp":"2025-06-01T15:28:04.666424Z","level":"error","event":"\tcom.sun.jersey#jersey-servlet;1.19 from central in [default]","chan":"stderr","logger":"task"}
{"timestamp":"2025-06-01T15:28:04.666469Z","level":"error","event":"\tcom.sun.xml.bind#jaxb-impl;2.2.3-1 from central in [default]","chan":"stderr","logger":"task"}
{"timestamp":"2025-06-01T15:28:04.666508Z","level":"error","event":"\tcom.thoughtworks.paranamer#paranamer;2.3 from central in [default]","chan":"stderr","logger":"task"}
{"timestamp":"2025-06-01T15:28:04.666548Z","level":"error","event":"\tcommons-beanutils#commons-beanutils;1.9.4 from central in [default]","chan":"stderr","logger":"task"}
{"timestamp":"2025-06-01T15:28:04.666587Z","level":"error","event":"\tcommons-cli#commons-cli;1.2 from central in [default]","chan":"stderr","logger":"task"}
{"timestamp":"2025-06-01T15:28:04.666625Z","level":"error","event":"\tcommons-codec#commons-codec;1.15 from central in [default]","chan":"stderr","logger":"task"}
{"timestamp":"2025-06-01T15:28:04.666663Z","level":"error","event":"\tcommons-collections#commons-collections;3.2.2 from central in [default]","chan":"stderr","logger":"task"}
{"timestamp":"2025-06-01T15:28:04.666702Z","level":"error","event":"\tcommons-io#commons-io;2.8.0 from central in [default]","chan":"stderr","logger":"task"}
{"timestamp":"2025-06-01T15:28:04.666752Z","level":"error","event":"\tcommons-logging#commons-logging;1.1.3 from central in [default]","chan":"stderr","logger":"task"}
{"timestamp":"2025-06-01T15:28:04.666796Z","level":"error","event":"\tcommons-net#commons-net;3.6 from central in [default]","chan":"stderr","logger":"task"}
{"timestamp":"2025-06-01T15:28:04.666861Z","level":"error","event":"\tdnsjava#dnsjava;2.1.7 from central in [default]","chan":"stderr","logger":"task"}
{"timestamp":"2025-06-01T15:28:04.666904Z","level":"error","event":"\tjakarta.activation#jakarta.activation-api;1.2.1 from central in [default]","chan":"stderr","logger":"task"}
{"timestamp":"2025-06-01T15:28:04.666945Z","level":"error","event":"\tjavax.servlet#javax.servlet-api;3.1.0 from central in [default]","chan":"stderr","logger":"task"}
{"timestamp":"2025-06-01T15:28:04.666984Z","level":"error","event":"\tjavax.servlet.jsp#jsp-api;2.1 from central in [default]","chan":"stderr","logger":"task"}
{"timestamp":"2025-06-01T15:28:04.667027Z","level":"error","event":"\tjavax.ws.rs#jsr311-api;1.1.1 from central in [default]","chan":"stderr","logger":"task"}
{"timestamp":"2025-06-01T15:28:04.667067Z","level":"error","event":"\tjavax.xml.bind#jaxb-api;2.2.11 from central in [default]","chan":"stderr","logger":"task"}
{"timestamp":"2025-06-01T15:28:04.667105Z","level":"error","event":"\tnet.minidev#accessors-smart;2.4.7 from central in [default]","chan":"stderr","logger":"task"}
{"timestamp":"2025-06-01T15:28:04.667144Z","level":"error","event":"\tnet.minidev#json-smart;2.4.7 from central in [default]","chan":"stderr","logger":"task"}
{"timestamp":"2025-06-01T15:28:04.667183Z","level":"error","event":"\torg.apache.avro#avro;1.7.7 from central in [default]","chan":"stderr","logger":"task"}
{"timestamp":"2025-06-01T15:28:04.667221Z","level":"error","event":"\torg.apache.commons#commons-compress;1.21 from central in [default]","chan":"stderr","logger":"task"}
{"timestamp":"2025-06-01T15:28:04.667259Z","level":"error","event":"\torg.apache.commons#commons-configuration2;2.1.1 from central in [default]","chan":"stderr","logger":"task"}
{"timestamp":"2025-06-01T15:28:04.667298Z","level":"error","event":"\torg.apache.commons#commons-lang3;3.12.0 from central in [default]","chan":"stderr","logger":"task"}
{"timestamp":"2025-06-01T15:28:04.667337Z","level":"error","event":"\torg.apache.commons#commons-math3;3.1.1 from central in [default]","chan":"stderr","logger":"task"}
{"timestamp":"2025-06-01T15:28:04.667400Z","level":"error","event":"\torg.apache.commons#commons-text;1.4 from central in [default]","chan":"stderr","logger":"task"}
{"timestamp":"2025-06-01T15:28:04.667442Z","level":"error","event":"\torg.apache.curator#curator-client;4.2.0 from central in [default]","chan":"stderr","logger":"task"}
{"timestamp":"2025-06-01T15:28:04.667482Z","level":"error","event":"\torg.apache.curator#curator-framework;4.2.0 from central in [default]","chan":"stderr","logger":"task"}
{"timestamp":"2025-06-01T15:28:04.667521Z","level":"error","event":"\torg.apache.curator#curator-recipes;4.2.0 from central in [default]","chan":"stderr","logger":"task"}
{"timestamp":"2025-06-01T15:28:04.667561Z","level":"error","event":"\torg.apache.hadoop#hadoop-annotations;3.3.4 from central in [default]","chan":"stderr","logger":"task"}
{"timestamp":"2025-06-01T15:28:04.667600Z","level":"error","event":"\torg.apache.hadoop#hadoop-auth;3.3.4 from central in [default]","chan":"stderr","logger":"task"}
{"timestamp":"2025-06-01T15:28:04.667639Z","level":"error","event":"\torg.apache.hadoop#hadoop-aws;3.3.4 from central in [default]","chan":"stderr","logger":"task"}
{"timestamp":"2025-06-01T15:28:04.667678Z","level":"error","event":"\torg.apache.hadoop#hadoop-common;3.3.4 from central in [default]","chan":"stderr","logger":"task"}
{"timestamp":"2025-06-01T15:28:04.667724Z","level":"error","event":"\torg.apache.hadoop.thirdparty#hadoop-shaded-guava;1.1.1 from central in [default]","chan":"stderr","logger":"task"}
{"timestamp":"2025-06-01T15:28:04.667767Z","level":"error","event":"\torg.apache.hadoop.thirdparty#hadoop-shaded-protobuf_3_7;1.1.1 from central in [default]","chan":"stderr","logger":"task"}
{"timestamp":"2025-06-01T15:28:04.667806Z","level":"error","event":"\torg.apache.httpcomponents#httpclient;4.5.13 from central in [default]","chan":"stderr","logger":"task"}
{"timestamp":"2025-06-01T15:28:04.667845Z","level":"error","event":"\torg.apache.httpcomponents#httpcore;4.4.13 from central in [default]","chan":"stderr","logger":"task"}
{"timestamp":"2025-06-01T15:28:04.667884Z","level":"error","event":"\torg.apache.iceberg#iceberg-spark-runtime-3.5_2.12;1.4.3 from central in [default]","chan":"stderr","logger":"task"}
{"timestamp":"2025-06-01T15:28:04.667923Z","level":"error","event":"\torg.apache.kerby#kerb-admin;1.0.1 from central in [default]","chan":"stderr","logger":"task"}
{"timestamp":"2025-06-01T15:28:04.667961Z","level":"error","event":"\torg.apache.kerby#kerb-client;1.0.1 from central in [default]","chan":"stderr","logger":"task"}
{"timestamp":"2025-06-01T15:28:04.667999Z","level":"error","event":"\torg.apache.kerby#kerb-common;1.0.1 from central in [default]","chan":"stderr","logger":"task"}
{"timestamp":"2025-06-01T15:28:04.668067Z","level":"error","event":"\torg.apache.kerby#kerb-core;1.0.1 from central in [default]","chan":"stderr","logger":"task"}
{"timestamp":"2025-06-01T15:28:04.668110Z","level":"error","event":"\torg.apache.kerby#kerb-crypto;1.0.1 from central in [default]","chan":"stderr","logger":"task"}
{"timestamp":"2025-06-01T15:28:04.668149Z","level":"error","event":"\torg.apache.kerby#kerb-identity;1.0.1 from central in [default]","chan":"stderr","logger":"task"}
{"timestamp":"2025-06-01T15:28:04.668188Z","level":"error","event":"\torg.apache.kerby#kerb-server;1.0.1 from central in [default]","chan":"stderr","logger":"task"}
{"timestamp":"2025-06-01T15:28:04.668227Z","level":"error","event":"\torg.apache.kerby#kerb-simplekdc;1.0.1 from central in [default]","chan":"stderr","logger":"task"}
{"timestamp":"2025-06-01T15:28:04.668266Z","level":"error","event":"\torg.apache.kerby#kerb-util;1.0.1 from central in [default]","chan":"stderr","logger":"task"}
{"timestamp":"2025-06-01T15:28:04.668307Z","level":"error","event":"\torg.apache.kerby#kerby-asn1;1.0.1 from central in [default]","chan":"stderr","logger":"task"}
{"timestamp":"2025-06-01T15:28:04.668346Z","level":"error","event":"\torg.apache.kerby#kerby-config;1.0.1 from central in [default]","chan":"stderr","logger":"task"}
{"timestamp":"2025-06-01T15:28:04.668384Z","level":"error","event":"\torg.apache.kerby#kerby-pkix;1.0.1 from central in [default]","chan":"stderr","logger":"task"}
{"timestamp":"2025-06-01T15:28:04.668422Z","level":"error","event":"\torg.apache.kerby#kerby-util;1.0.1 from central in [default]","chan":"stderr","logger":"task"}
{"timestamp":"2025-06-01T15:28:04.668460Z","level":"error","event":"\torg.apache.kerby#kerby-xdr;1.0.1 from central in [default]","chan":"stderr","logger":"task"}
{"timestamp":"2025-06-01T15:28:04.668498Z","level":"error","event":"\torg.apache.kerby#token-provider;1.0.1 from central in [default]","chan":"stderr","logger":"task"}
{"timestamp":"2025-06-01T15:28:04.668536Z","level":"error","event":"\torg.apache.yetus#audience-annotations;0.5.0 from central in [default]","chan":"stderr","logger":"task"}
{"timestamp":"2025-06-01T15:28:04.668575Z","level":"error","event":"\torg.apache.zookeeper#zookeeper;3.5.6 from central in [default]","chan":"stderr","logger":"task"}
{"timestamp":"2025-06-01T15:28:04.668614Z","level":"error","event":"\torg.apache.zookeeper#zookeeper-jute;3.5.6 from central in [default]","chan":"stderr","logger":"task"}
{"timestamp":"2025-06-01T15:28:04.668652Z","level":"error","event":"\torg.checkerframework#checker-qual;2.5.2 from central in [default]","chan":"stderr","logger":"task"}
{"timestamp":"2025-06-01T15:28:04.668690Z","level":"error","event":"\torg.codehaus.jackson#jackson-core-asl;1.9.13 from central in [default]","chan":"stderr","logger":"task"}
{"timestamp":"2025-06-01T15:28:04.668738Z","level":"error","event":"\torg.codehaus.jackson#jackson-jaxrs;1.9.13 from central in [default]","chan":"stderr","logger":"task"}
{"timestamp":"2025-06-01T15:28:04.668778Z","level":"error","event":"\torg.codehaus.jackson#jackson-mapper-asl;1.9.13 from central in [default]","chan":"stderr","logger":"task"}
{"timestamp":"2025-06-01T15:28:04.668816Z","level":"error","event":"\torg.codehaus.jackson#jackson-xc;1.9.13 from central in [default]","chan":"stderr","logger":"task"}
{"timestamp":"2025-06-01T15:28:04.668880Z","level":"error","event":"\torg.codehaus.jettison#jettison;1.1 from central in [default]","chan":"stderr","logger":"task"}
{"timestamp":"2025-06-01T15:28:04.668922Z","level":"error","event":"\torg.codehaus.mojo#animal-sniffer-annotations;1.17 from central in [default]","chan":"stderr","logger":"task"}
{"timestamp":"2025-06-01T15:28:04.668961Z","level":"error","event":"\torg.codehaus.woodstox#stax2-api;4.2.1 from central in [default]","chan":"stderr","logger":"task"}
{"timestamp":"2025-06-01T15:28:04.669001Z","level":"error","event":"\torg.eclipse.jetty#jetty-http;9.4.43.v20210629 from central in [default]","chan":"stderr","logger":"task"}
{"timestamp":"2025-06-01T15:28:04.669044Z","level":"error","event":"\torg.eclipse.jetty#jetty-io;9.4.43.v20210629 from central in [default]","chan":"stderr","logger":"task"}
{"timestamp":"2025-06-01T15:28:04.669084Z","level":"error","event":"\torg.eclipse.jetty#jetty-security;9.4.43.v20210629 from central in [default]","chan":"stderr","logger":"task"}
{"timestamp":"2025-06-01T15:28:04.669122Z","level":"error","event":"\torg.eclipse.jetty#jetty-server;9.4.43.v20210629 from central in [default]","chan":"stderr","logger":"task"}
{"timestamp":"2025-06-01T15:28:04.669160Z","level":"error","event":"\torg.eclipse.jetty#jetty-servlet;9.4.43.v20210629 from central in [default]","chan":"stderr","logger":"task"}
{"timestamp":"2025-06-01T15:28:04.669198Z","level":"error","event":"\torg.eclipse.jetty#jetty-util;9.4.43.v20210629 from central in [default]","chan":"stderr","logger":"task"}
{"timestamp":"2025-06-01T15:28:04.669236Z","level":"error","event":"\torg.eclipse.jetty#jetty-util-ajax;9.4.43.v20210629 from central in [default]","chan":"stderr","logger":"task"}
{"timestamp":"2025-06-01T15:28:04.669276Z","level":"error","event":"\torg.eclipse.jetty#jetty-webapp;9.4.43.v20210629 from central in [default]","chan":"stderr","logger":"task"}
{"timestamp":"2025-06-01T15:28:04.669315Z","level":"error","event":"\torg.eclipse.jetty#jetty-xml;9.4.43.v20210629 from central in [default]","chan":"stderr","logger":"task"}
{"timestamp":"2025-06-01T15:28:04.669353Z","level":"error","event":"\torg.ow2.asm#asm;5.0.4 from central in [default]","chan":"stderr","logger":"task"}
{"timestamp":"2025-06-01T15:28:04.669391Z","level":"error","event":"\torg.slf4j#slf4j-api;1.7.36 from central in [default]","chan":"stderr","logger":"task"}
{"timestamp":"2025-06-01T15:28:04.669429Z","level":"error","event":"\torg.slf4j#slf4j-reload4j;1.7.36 from central in [default]","chan":"stderr","logger":"task"}
{"timestamp":"2025-06-01T15:28:04.669467Z","level":"error","event":"\torg.wildfly.openssl#wildfly-openssl;1.0.7.Final from central in [default]","chan":"stderr","logger":"task"}
{"timestamp":"2025-06-01T15:28:04.669506Z","level":"error","event":"\torg.xerial.snappy#snappy-java;1.1.8.2 from central in [default]","chan":"stderr","logger":"task"}
{"timestamp":"2025-06-01T15:28:04.669543Z","level":"error","event":"\t:: evicted modules:","chan":"stderr","logger":"task"}
{"timestamp":"2025-06-01T15:28:04.669582Z","level":"error","event":"\tcom.amazonaws#aws-java-sdk-bundle;1.12.262 by [com.amazonaws#aws-java-sdk-bundle;1.12.367] in [default]","chan":"stderr","logger":"task"}
{"timestamp":"2025-06-01T15:28:04.669620Z","level":"error","event":"\t---------------------------------------------------------------------","chan":"stderr","logger":"task"}
{"timestamp":"2025-06-01T15:28:04.669658Z","level":"error","event":"\t|                  |            modules            ||   artifacts   |","chan":"stderr","logger":"task"}
{"timestamp":"2025-06-01T15:28:04.669695Z","level":"error","event":"\t|       conf       | number| search|dwnlded|evicted|| number|dwnlded|","chan":"stderr","logger":"task"}
{"timestamp":"2025-06-01T15:28:04.669743Z","level":"error","event":"\t---------------------------------------------------------------------","chan":"stderr","logger":"task"}
{"timestamp":"2025-06-01T15:28:04.669783Z","level":"error","event":"\t|      default     |   97  |   0   |   0   |   1   ||   96  |   0   |","chan":"stderr","logger":"task"}
{"timestamp":"2025-06-01T15:28:04.669826Z","level":"error","event":"\t---------------------------------------------------------------------","chan":"stderr","logger":"task"}
{"timestamp":"2025-06-01T15:28:04.680017Z","level":"error","event":":: retrieving :: org.apache.spark#spark-submit-parent-d75d13ce-1330-4de3-b67c-60994f599ec1","chan":"stderr","logger":"task"}
{"timestamp":"2025-06-01T15:28:04.680164Z","level":"error","event":"\tconfs: [default]","chan":"stderr","logger":"task"}
{"timestamp":"2025-06-01T15:28:04.698647Z","level":"error","event":"\t0 artifacts copied, 96 already retrieved (0kB/19ms)","chan":"stderr","logger":"task"}
{"timestamp":"2025-06-01T15:28:04.855908Z","level":"error","event":"25/06/01 10:28:04 WARN NativeCodeLoader: Unable to load native-hadoop library for your platform... using builtin-java classes where applicable","chan":"stderr","logger":"task"}
{"timestamp":"2025-06-01T15:28:05.051311Z","level":"error","event":"Setting default log level to \"WARN\".","chan":"stderr","logger":"task"}
{"timestamp":"2025-06-01T15:28:05.051450Z","level":"error","event":"To adjust logging level use sc.setLogLevel(newLevel). For SparkR, use setLogLevel(newLevel).","chan":"stderr","logger":"task"}
{"timestamp":"2025-06-01T15:28:12.880633Z","level":"error","event":"25/06/01 10:28:12 WARN MetricsConfig: Cannot locate configuration: tried hadoop-metrics2-s3a-file-system.properties,hadoop-metrics2.properties","chan":"stderr","logger":"task"}
{"timestamp":"2025-06-01T15:28:17.392395Z","level":"error","event":"\rExecuting: 100%|██████████| 9/9 [00:13<00:00,  1.69s/cell]\rExecuting: 100%|██████████| 9/9 [00:16<00:00,  1.83s/cell]","chan":"stderr","logger":"task"}
{"timestamp":"2025-06-01T15:28:17.404584","level":"error","event":"Error in gold processing: \n---------------------------------------------------------------------------\nException encountered at \"In [8]\":\n---------------------------------------------------------------------------\nAnalysisException                         Traceback (most recent call last)\nCell In[7], line 389, in NeoApiClient._extract_from_silver_tables(self)\n    388 logger.debug(f\"Executing query: {query}\")\n--> 389 self.data = spark.sql(query)\n    391 # Validate that we got data\n\nFile ~/Projects/PycharmProjects/nasa_neo_pipeline/.venv/lib/python3.12/site-packages/pyspark/sql/session.py:1631, in SparkSession.sql(self, sqlQuery, args, **kwargs)\n   1628         litArgs = self._jvm.PythonUtils.toArray(\n   1629             [_to_java_column(lit(v)) for v in (args or [])]\n   1630         )\n-> 1631     return DataFrame(self._jsparkSession.sql(sqlQuery, litArgs), self)\n   1632 finally:\n\nFile ~/Projects/PycharmProjects/nasa_neo_pipeline/.venv/lib/python3.12/site-packages/py4j/java_gateway.py:1322, in JavaMember.__call__(self, *args)\n   1321 answer = self.gateway_client.send_command(command)\n-> 1322 return_value = get_return_value(\n   1323     answer, self.gateway_client, self.target_id, self.name)\n   1325 for temp_arg in temp_args:\n\nFile ~/Projects/PycharmProjects/nasa_neo_pipeline/.venv/lib/python3.12/site-packages/pyspark/errors/exceptions/captured.py:185, in capture_sql_exception.<locals>.deco(*a, **kw)\n    182 if not isinstance(converted, UnknownException):\n    183     # Hide where the exception came from that shows a non-Pythonic\n    184     # JVM exception message.\n--> 185     raise converted from None\n    186 else:\n\nAnalysisException: [TABLE_OR_VIEW_NOT_FOUND] The table or view `iceberg_catalog`.`neo_db`.`silver_asteroids` cannot be found. Verify the spelling and correctness of the schema and catalog.\nIf you did not qualify the name with a schema, verify the current_schema() output, or qualify the name with the correct schema and catalog.\nTo tolerate the error on drop use DROP VIEW IF EXISTS or DROP TABLE IF EXISTS.; line 1 pos 14;\n'Project [*]\n+- 'UnresolvedRelation [iceberg_catalog, neo_db, silver_asteroids], [], false\n\n\nDuring handling of the above exception, another exception occurred:\n\nDataExtractionError                       Traceback (most recent call last)\nCell In[8], line 11\n      2 neo_client = NeoApiClient(api_key=api_key_param,\n      3                           api_uri=api_uri_param,\n      4                           start_date=start_date_param, \n   (...)      7                           bucket_name=bucket_name_param, \n      8                           mode=mode)\n     10 # Execute ETL pipeline task based on mode\n---> 11 neo_client.extract().transform().load()\n\nCell In[7], line 301, in NeoApiClient.extract(self)\n    298     self._extract_from_bronze_storage()\n    300 case 'gold':    # Extract from source: neo/silver/\n--> 301     self._extract_from_silver_tables()\n    303 case _:\n    304     raise ValueError(f\"Invalid extraction mode: {self.mode}\")\n\nCell In[7], line 398, in NeoApiClient._extract_from_silver_tables(self)\n    395         logger.info(f\"Successfully extracted {self.data.count()} records from silver tables\")\n    397 except Exception as e:\n--> 398     raise DataExtractionError(f\"Failed to extract from silver tables: {e}\")\n\nDataExtractionError: Failed to extract from silver tables: [TABLE_OR_VIEW_NOT_FOUND] The table or view `iceberg_catalog`.`neo_db`.`silver_asteroids` cannot be found. Verify the spelling and correctness of the schema and catalog.\nIf you did not qualify the name with a schema, verify the current_schema() output, or qualify the name with the correct schema and catalog.\nTo tolerate the error on drop use DROP VIEW IF EXISTS or DROP TABLE IF EXISTS.; line 1 pos 14;\n'Project [*]\n+- 'UnresolvedRelation [iceberg_catalog, neo_db, silver_asteroids], [], false\n\n","logger":"root"}
{"timestamp":"2025-06-01T15:28:17.408567","level":"error","event":"Task failed with exception","logger":"task","error_detail":[{"exc_type":"PapermillExecutionError","exc_value":"\n---------------------------------------------------------------------------\nException encountered at \"In [8]\":\n---------------------------------------------------------------------------\nAnalysisException                         Traceback (most recent call last)\nCell In[7], line 389, in NeoApiClient._extract_from_silver_tables(self)\n    388 logger.debug(f\"Executing query: {query}\")\n--> 389 self.data = spark.sql(query)\n    391 # Validate that we got data\n\nFile ~/Projects/PycharmProjects/nasa_neo_pipeline/.venv/lib/python3.12/site-packages/pyspark/sql/session.py:1631, in SparkSession.sql(self, sqlQuery, args, **kwargs)\n   1628         litArgs = self._jvm.PythonUtils.toArray(\n   1629             [_to_java_column(lit(v)) for v in (args or [])]\n   1630         )\n-> 1631     return DataFrame(self._jsparkSession.sql(sqlQuery, litArgs), self)\n   1632 finally:\n\nFile ~/Projects/PycharmProjects/nasa_neo_pipeline/.venv/lib/python3.12/site-packages/py4j/java_gateway.py:1322, in JavaMember.__call__(self, *args)\n   1321 answer = self.gateway_client.send_command(command)\n-> 1322 return_value = get_return_value(\n   1323     answer, self.gateway_client, self.target_id, self.name)\n   1325 for temp_arg in temp_args:\n\nFile ~/Projects/PycharmProjects/nasa_neo_pipeline/.venv/lib/python3.12/site-packages/pyspark/errors/exceptions/captured.py:185, in capture_sql_exception.<locals>.deco(*a, **kw)\n    182 if not isinstance(converted, UnknownException):\n    183     # Hide where the exception came from that shows a non-Pythonic\n    184     # JVM exception message.\n--> 185     raise converted from None\n    186 else:\n\nAnalysisException: [TABLE_OR_VIEW_NOT_FOUND] The table or view `iceberg_catalog`.`neo_db`.`silver_asteroids` cannot be found. Verify the spelling and correctness of the schema and catalog.\nIf you did not qualify the name with a schema, verify the current_schema() output, or qualify the name with the correct schema and catalog.\nTo tolerate the error on drop use DROP VIEW IF EXISTS or DROP TABLE IF EXISTS.; line 1 pos 14;\n'Project [*]\n+- 'UnresolvedRelation [iceberg_catalog, neo_db, silver_asteroids], [], false\n\n\nDuring handling of the above exception, another exception occurred:\n\nDataExtractionError                       Traceback (most recent call last)\nCell In[8], line 11\n      2 neo_client = NeoApiClient(api_key=api_key_param,\n      3                           api_uri=api_uri_param,\n      4                           start_date=start_date_param, \n   (...)      7                           bucket_name=bucket_name_param, \n      8                           mode=mode)\n     10 # Execute ETL pipeline task based on mode\n---> 11 neo_client.extract().transform().load()\n\nCell In[7], line 301, in NeoApiClient.extract(self)\n    298     self._extract_from_bronze_storage()\n    300 case 'gold':    # Extract from source: neo/silver/\n--> 301     self._extract_from_silver_tables()\n    303 case _:\n    304     raise ValueError(f\"Invalid extraction mode: {self.mode}\")\n\nCell In[7], line 398, in NeoApiClient._extract_from_silver_tables(self)\n    395         logger.info(f\"Successfully extracted {self.data.count()} records from silver tables\")\n    397 except Exception as e:\n--> 398     raise DataExtractionError(f\"Failed to extract from silver tables: {e}\")\n\nDataExtractionError: Failed to extract from silver tables: [TABLE_OR_VIEW_NOT_FOUND] The table or view `iceberg_catalog`.`neo_db`.`silver_asteroids` cannot be found. Verify the spelling and correctness of the schema and catalog.\nIf you did not qualify the name with a schema, verify the current_schema() output, or qualify the name with the correct schema and catalog.\nTo tolerate the error on drop use DROP VIEW IF EXISTS or DROP TABLE IF EXISTS.; line 1 pos 14;\n'Project [*]\n+- 'UnresolvedRelation [iceberg_catalog, neo_db, silver_asteroids], [], false\n\n","exc_notes":[],"syntax_error":null,"is_cause":false,"frames":[{"filename":"/home/fastnnefarious/Projects/PycharmProjects/nasa_neo_pipeline/.venv/lib/python3.12/site-packages/airflow/sdk/execution_time/task_runner.py","lineno":838,"name":"run"},{"filename":"/home/fastnnefarious/Projects/PycharmProjects/nasa_neo_pipeline/.venv/lib/python3.12/site-packages/airflow/sdk/execution_time/task_runner.py","lineno":1130,"name":"_execute_task"},{"filename":"/home/fastnnefarious/Projects/PycharmProjects/nasa_neo_pipeline/.venv/lib/python3.12/site-packages/airflow/sdk/bases/operator.py","lineno":408,"name":"wrapper"},{"filename":"/home/fastnnefarious/Projects/PycharmProjects/nasa_neo_pipeline/.venv/lib/python3.12/site-packages/airflow/providers/standard/operators/python.py","lineno":212,"name":"execute"},{"filename":"/home/fastnnefarious/Projects/PycharmProjects/nasa_neo_pipeline/.venv/lib/python3.12/site-packages/airflow/providers/standard/operators/python.py","lineno":235,"name":"execute_callable"},{"filename":"/home/fastnnefarious/Projects/PycharmProjects/nasa_neo_pipeline/.venv/lib/python3.12/site-packages/airflow/sdk/execution_time/callback_runner.py","lineno":81,"name":"run"},{"filename":"/home/fastnnefarious/Projects/PycharmProjects/nasa_neo_pipeline/airflow/dags/daily_nasa_neo_etl_pipeline2.py","lineno":171,"name":"process_gold_layer"},{"filename":"/home/fastnnefarious/Projects/PycharmProjects/nasa_neo_pipeline/.venv/lib/python3.12/site-packages/papermill/execute.py","lineno":131,"name":"execute_notebook"},{"filename":"/home/fastnnefarious/Projects/PycharmProjects/nasa_neo_pipeline/.venv/lib/python3.12/site-packages/papermill/execute.py","lineno":251,"name":"raise_for_execution_errors"}]}]}
